* using log directory 'C:/Users/SH/bwSyncAndShare/SpatialAutocorrelationUpdate/simulation/simSAC/simSAC.Rcheck'
* using R version 3.2.1 (2015-06-18)
* using platform: x86_64-w64-mingw32 (64-bit)
* using session charset: ISO8859-1
* checking for file 'simSAC/DESCRIPTION' ... OK
* this is package 'simSAC' version '0.0.0.9000'
* checking package namespace information ... OK
* checking package dependencies ... OK
* checking if this is a source package ... OK
* checking if there is a namespace ... OK
* checking for executable files ... OK
* checking for hidden files and directories ... OK
* checking for portable file names ... OK
* checking whether package 'simSAC' can be installed ... WARNING
Found the following significant warnings:
  Warning: package 'ncdf4' was built under R version 3.2.2
  Warning: package 'RandomFields' was built under R version 3.2.3
  Warning: package 'sp' was built under R version 3.2.2
  Warning: package 'RandomFieldsUtils' was built under R version 3.2.3
  Warning: package 'raster' was built under R version 3.2.3
  Warning: replacing previous import by 'raster::atan2' when loading 'simSAC'
See 'C:/Users/SH/bwSyncAndShare/SpatialAutocorrelationUpdate/simulation/simSAC/simSAC.Rcheck/00install.out' for details.
* checking installed package size ... OK
* checking package directory ... OK
* checking DESCRIPTION meta-information ... OK
* checking top-level files ... OK
* checking for left-over files ... OK
* checking index information ... OK
* checking package subdirectories ... OK
* checking R files for non-ASCII characters ... OK
* checking R files for syntax errors ... OK
* checking whether the package can be loaded ... OK
* checking whether the package can be loaded with stated dependencies ... OK
* checking whether the package can be unloaded cleanly ... OK
* checking whether the namespace can be loaded with stated dependencies ... OK
* checking whether the namespace can be unloaded cleanly ... OK
* checking dependencies in R code ... OK
* checking S3 generic/method consistency ... OK
* checking replacement functions ... OK
* checking foreign function calls ... OK
* checking R code for possible problems ... NOTE
simData : <anonymous>: no visible binding for global variable 'x3'
simData : <anonymous>: no visible binding for global variable 'x4'
simData : <anonymous>: no visible binding for global variable 'x1'
simData : <anonymous>: no visible binding for global variable 'x2'
simData : <anonymous>: no visible binding for global variable 'x5'
simData: no visible global function definition for 'coordinates'
* checking Rd files ... OK
* checking Rd metadata ... OK
* checking Rd cross-references ... OK
* checking for missing documentation entries ... OK
* checking for code/documentation mismatches ... OK
* checking Rd \usage sections ... OK
* checking Rd contents ... OK
* checking for unstated dependencies in examples ... OK
* checking examples ... OK
* checking PDF version of manual ... OK
* DONE
Status: 1 WARNING, 1 NOTE
