Hmm ... looks like a package
This is pdfTeX, Version 3.14159265-2.6-1.40.16 (MiKTeX 2.9)
entering extended mode
(Rd2.tex
LaTeX2e <2015/10/01> patch level 2
Babel <3.9m> and hyphenation patterns for 69 languages loaded.

("C:\Program Files (x86)\MiKTeX 2.9\tex\latex\base\book.cls"
Document Class: book 2014/09/29 v1.4h Standard LaTeX document class
("C:\Program Files (x86)\MiKTeX 2.9\tex\latex\base\bk10.clo"))
(C:/PROGRA~1/R/R-32~1.1/share/texmf/tex/latex\Rd.sty
("C:\Program Files (x86)\MiKTeX 2.9\tex\latex\base\ifthen.sty")
("C:\Program Files (x86)\MiKTeX 2.9\tex\latex\tools\longtable.sty")
("C:\Program Files (x86)\MiKTeX 2.9\tex\latex\tools\bm.sty")
("C:\Program Files (x86)\MiKTeX 2.9\tex\latex\base\alltt.sty")
("C:\Program Files (x86)\MiKTeX 2.9\tex\latex\tools\verbatim.sty")
("C:\Program Files (x86)\MiKTeX 2.9\tex\latex\url\url.sty")
("C:\Program Files (x86)\MiKTeX 2.9\tex\latex\base\textcomp.sty"
("C:\Program Files (x86)\MiKTeX 2.9\tex\latex\base\ts1enc.def"))
("C:\Program Files (x86)\MiKTeX 2.9\tex\latex\base\fontenc.sty"
("C:\Program Files (x86)\MiKTeX 2.9\tex\latex\base\t1enc.def"))
("C:\Program Files (x86)\MiKTeX 2.9\tex\latex\psnfss\times.sty")
("C:\Program Files (x86)\MiKTeX 2.9\tex\latex\inconsolata\zi4.sty"
`inconsolata-zi4' v1.05, 2014/06/22 Text macros for Inconsolata (msharpe)
("C:\Program Files (x86)\MiKTeX 2.9\tex\latex\graphics\keyval.sty"))
("C:\Program Files (x86)\MiKTeX 2.9\tex\latex\graphics\color.sty"
("C:\Program Files (x86)\MiKTeX 2.9\tex\latex\00miktex\color.cfg")
("C:\Program Files (x86)\MiKTeX 2.9\tex\latex\pdftex-def\pdftex.def"
("C:\Program Files (x86)\MiKTeX 2.9\tex\generic\oberdiek\infwarerr.sty")
("C:\Program Files (x86)\MiKTeX 2.9\tex\generic\oberdiek\ltxcmds.sty")))
("C:\Program Files (x86)\MiKTeX 2.9\tex\latex\hyperref\hyperref.sty"
("C:\Program Files (x86)\MiKTeX 2.9\tex\generic\oberdiek\hobsub-hyperref.sty"
("C:\Program Files (x86)\MiKTeX 2.9\tex\generic\oberdiek\hobsub-generic.sty"))
("C:\Program Files (x86)\MiKTeX 2.9\tex\generic\ifxetex\ifxetex.sty")
("C:\Program Files (x86)\MiKTeX 2.9\tex\latex\oberdiek\auxhook.sty")
("C:\Program Files (x86)\MiKTeX 2.9\tex\latex\oberdiek\kvoptions.sty")
("C:\Program Files (x86)\MiKTeX 2.9\tex\latex\hyperref\pd1enc.def")
("C:\Program Files (x86)\MiKTeX 2.9\tex\latex\00miktex\hyperref.cfg"))

Package hyperref Message: Driver (autodetected): hpdftex.

("C:\Program Files (x86)\MiKTeX 2.9\tex\latex\hyperref\hpdftex.def"
("C:\Program Files (x86)\MiKTeX 2.9\tex\latex\oberdiek\rerunfilecheck.sty"))

Package hyperref Warning: Option `hyperindex' has already been used,
(hyperref)                setting the option has no effect on input line 366.


Package hyperref Warning: Option `pagebackref' has already been used,
(hyperref)                setting the option has no effect on input line 366.

) ("C:\Program Files (x86)\MiKTeX 2.9\tex\latex\base\makeidx.sty")
("C:\Program Files (x86)\MiKTeX 2.9\tex\latex\base\inputenc.sty"
("C:\Program Files (x86)\MiKTeX 2.9\tex\latex\base\utf8.def"
("C:\Program Files (x86)\MiKTeX 2.9\tex\latex\base\t1enc.dfu")
("C:\Program Files (x86)\MiKTeX 2.9\tex\latex\base\ot1enc.dfu")
("C:\Program Files (x86)\MiKTeX 2.9\tex\latex\base\omsenc.dfu")
("C:\Program Files (x86)\MiKTeX 2.9\tex\latex\base\ts1enc.dfu"))
("C:\Program Files (x86)\MiKTeX 2.9\tex\latex\base\latin1.def"))
Writing index file Rd2.idx
No file Rd2.aux.
("C:\Program Files (x86)\MiKTeX 2.9\tex\latex\base\ts1cmr.fd")
("C:\Program Files (x86)\MiKTeX 2.9\tex\latex\psnfss\t1ptm.fd")
("C:\Program Files (x86)\MiKTeX 2.9\tex\context\base\supp-pdf.mkii"
[Loading MPS to PDF converter (version 2006.09.02).]
) ("C:\Program Files (x86)\MiKTeX 2.9\tex\latex\hyperref\nameref.sty"
("C:\Program Files (x86)\MiKTeX 2.9\tex\generic\oberdiek\gettitlestring.sty"))
("C:\Program Files (x86)\MiKTeX 2.9\tex\latex\psnfss\ts1ptm.fd")
("C:\Program Files (x86)\MiKTeX 2.9\tex\latex\inconsolata\t1zi4.fd")
("C:\Program Files (x86)\MiKTeX 2.9\tex\latex\psnfss\t1phv.fd")
("C:\Program Files (x86)\MiKTeX 2.9\tex\latex\base\utf8.def") [1{C:/Users/SH/Ap
pData/Local/MiKTeX/2.9/pdftex/config/pdftex.map}]
("C:\Program Files (x86)\MiKTeX 2.9\tex\latex\base\utf8.def") [2]
("C:\Program Files (x86)\MiKTeX 2.9\tex\latex\base\utf8.def")
Overfull \hbox (26.88095pt too wide) in paragraph at lines 151--151
 []\T1/zi4/m/n/9 check.download <- keep.asking(Q = "Do you want to download dat
a from http://www.worldclim.org?")[] 
("C:\Program Files (x86)\MiKTeX 2.9\tex\latex\base\utf8.def") [3]
Overfull \hbox (49.78088pt too wide) in paragraph at lines 183--183
 []                      \T1/zi4/m/n/10 bio.vars = c("bio1", "bio19", "bio2", "
bio12", "bio4", "bio18", "bio3")),[] 
[4]
Overfull \hbox (23.80742pt too wide) in paragraph at lines 231--232
[]\T1/ptm/m/n/10 The des-ti-na-tion file name (char-ac-ter). De-faults to "data
set\T1/zi4/m/n/10 dataset\T1/ptm/m/n/10 ", e.g. "dataset110". 
[5] [6]
Overfull \hbox (24.18094pt too wide) in paragraph at lines 347--347
 []\T1/zi4/m/n/9 co110 <- correlog(d110$Lat, d110$Lon, res110, increment=0.02, 
resamp=1) # check autocorrleation[] 

Overfull \hbox (5.28094pt too wide) in paragraph at lines 348--348
 []\T1/zi4/m/n/9 plot(co110$mean.of.class, co110$correlation, type = "o", ylim 
= c(-1,1), # plot correlogram[] 

Overfull \hbox (24.18094pt too wide) in paragraph at lines 363--363
 []\T1/zi4/m/n/9 co111 <- correlog(d111$Lat, d111$Lon, res111, increment=0.02, 
resamp=1) # check autocorrleation[] 

Overfull \hbox (5.28094pt too wide) in paragraph at lines 364--364
 []\T1/zi4/m/n/9 plot(co111$mean.of.class, co111$correlation, type = "o", ylim 
= c(-1,1), # plot correlogram[] 

Overfull \hbox (24.18094pt too wide) in paragraph at lines 379--379
 []\T1/zi4/m/n/9 co112 <- correlog(d112$Lat, d112$Lon, res112, increment=0.02, 
resamp=1) # check autocorrleation[] 

Overfull \hbox (5.28094pt too wide) in paragraph at lines 380--380
 []\T1/zi4/m/n/9 plot(co112$mean.of.class, co112$correlation, type = "o", ylim 
= c(-1,1), # plot correlogram[] 

Underfull \vbox (badness 10000) has occurred while \output is active [7]
Overfull \hbox (24.18094pt too wide) in paragraph at lines 395--395
 []\T1/zi4/m/n/9 co120 <- correlog(d120$Lat, d120$Lon, res120, increment=0.02, 
resamp=1) # check autocorrleation[] 

Overfull \hbox (5.28094pt too wide) in paragraph at lines 396--396
 []\T1/zi4/m/n/9 plot(co120$mean.of.class, co120$correlation, type = "o", ylim 
= c(-1,1), # plot correlogram[] 

Overfull \hbox (24.18094pt too wide) in paragraph at lines 411--411
 []\T1/zi4/m/n/9 co121 <- correlog(d121$Lat, d121$Lon, res121, increment=0.02, 
resamp=1) # check autocorrleation[] 

Overfull \hbox (5.28094pt too wide) in paragraph at lines 412--412
 []\T1/zi4/m/n/9 plot(co121$mean.of.class, co121$correlation, type = "o", ylim 
= c(-1,1), # plot correlogram[] 

Overfull \hbox (24.18094pt too wide) in paragraph at lines 426--426
 []\T1/zi4/m/n/9 co122 <- correlog(d122$Lat, d122$Lon, res122, increment=0.02, 
resamp=1) # check autocorrleation[] 

Overfull \hbox (5.28094pt too wide) in paragraph at lines 427--427
 []\T1/zi4/m/n/9 plot(co122$mean.of.class, co122$correlation, type = "o", ylim 
= c(-1,1), # plot correlogram[] 

Overfull \hbox (24.18094pt too wide) in paragraph at lines 442--442
 []\T1/zi4/m/n/9 co310 <- correlog(d310$Lat, d310$Lon, res310, increment=0.16, 
resamp=1) # check autocorrleation[] 

Overfull \hbox (5.28094pt too wide) in paragraph at lines 443--443
 []\T1/zi4/m/n/9 plot(co310$mean.of.class, co310$correlation, type = "o", ylim 
= c(-1,1), # plot correlogram[] 

Underfull \vbox (badness 10000) has occurred while \output is active [8]
Overfull \hbox (24.18094pt too wide) in paragraph at lines 458--458
 []\T1/zi4/m/n/9 co311 <- correlog(d311$Lat, d311$Lon, res311, increment=0.16, 
resamp=1) # check autocorrleation[] 

Overfull \hbox (5.28094pt too wide) in paragraph at lines 459--459
 []\T1/zi4/m/n/9 plot(co311$mean.of.class, co311$correlation, type = "o", ylim 
= c(-1,1), # plot correlogram[] 

Overfull \hbox (24.18094pt too wide) in paragraph at lines 474--474
 []\T1/zi4/m/n/9 co312 <- correlog(d312$Lat, d312$Lon, res312, increment=0.16, 
resamp=1) # check autocorrleation[] 

Overfull \hbox (5.28094pt too wide) in paragraph at lines 475--475
 []\T1/zi4/m/n/9 plot(co312$mean.of.class, co312$correlation, type = "o", ylim 
= c(-1,1), # plot correlogram[] 

Overfull \hbox (24.18094pt too wide) in paragraph at lines 490--490
 []\T1/zi4/m/n/9 co320 <- correlog(d320$Lat, d320$Lon, res320, increment=0.16, 
resamp=1) # check autocorrleation[] 

Overfull \hbox (5.28094pt too wide) in paragraph at lines 491--491
 []\T1/zi4/m/n/9 plot(co320$mean.of.class, co320$correlation, type = "o", ylim 
= c(-1,1), # plot correlogram[] 

Underfull \vbox (badness 10000) has occurred while \output is active [9]
Overfull \hbox (24.18094pt too wide) in paragraph at lines 506--506
 []\T1/zi4/m/n/9 co321 <- correlog(d321$Lat, d321$Lon, res321, increment=0.16, 
resamp=1) # check autocorrleation[] 

Overfull \hbox (5.28094pt too wide) in paragraph at lines 507--507
 []\T1/zi4/m/n/9 plot(co321$mean.of.class, co321$correlation, type = "o", ylim 
= c(-1,1), # plot correlogram[] 

Overfull \hbox (24.18094pt too wide) in paragraph at lines 522--522
 []\T1/zi4/m/n/9 co322 <- correlog(d322$Lat, d322$Lon, res322, increment=0.16, 
resamp=1) # check autocorrleation[] 

Overfull \hbox (5.28094pt too wide) in paragraph at lines 523--523
 []\T1/zi4/m/n/9 plot(co322$mean.of.class, co322$correlation, type = "o", ylim 
= c(-1,1), # plot correlogram[] 
No file Rd2.ind.
[10] (Rd2.aux)

Package rerunfilecheck Warning: File `Rd2.out' has changed.
(rerunfilecheck)                Rerun to get outlines right
(rerunfilecheck)                or use package `bookmark'.

 )
(see the transcript file for additional information)pdfTeX warning (dest): name
{Rfn.grep} has been referenced but does not exist, replaced by a fixed one

pdfTeX warning (dest): name{Rfn.rnorm} has been referenced but does not exist, 
replaced by a fixed one

pdfTeX warning (dest): name{Rfn.RMexp} has been referenced but does not exist, 
replaced by a fixed one

pdfTeX warning (dest): name{Rfn.set.seed} has been referenced but does not exis
t, replaced by a fixed one

pdfTeX warning (dest): name{Rfn.extent} has been referenced but does not exist,
 replaced by a fixed one

{C:/Program Files (x86)/MiKTeX 2.9/fonts/enc/dvips/fontname/8r.enc}{C:/Program 
Files (x86)/MiKTeX 2.9/fonts/enc/dvips/inconsolata/i4-t1-0.enc}<C:/Program File
s (x86)/MiKTeX 2.9/fonts/type1/public/inconsolata/Inconsolata-zi4r.pfb><C:/Prog
ram Files (x86)/MiKTeX 2.9/fonts/type1/urw/helvetic/uhvr8a.pfb><C:/Program File
s (x86)/MiKTeX 2.9/fonts/type1/urw/times/utmb8a.pfb><C:/Program Files (x86)/MiK
TeX 2.9/fonts/type1/urw/times/utmr8a.pfb><C:/Program Files (x86)/MiKTeX 2.9/fon
ts/type1/urw/times/utmr8a.pfb><C:/Program Files (x86)/MiKTeX 2.9/fonts/type1/ur
w/times/utmri8a.pfb>
Output written on Rd2.pdf (10 pages, 101209 bytes).
Transcript written on Rd2.log.
This is makeindex, version 2.15 [MiKTeX 2.9] (kpathsea + Thai support).
Scanning input file Rd2.idx....done (13 entries accepted, 0 rejected).
Sorting entries....done (50 comparisons).
Generating output file Rd2.ind....done (27 lines written, 0 warnings).
Output written in Rd2.ind.
Transcript written in Rd2.ilg.
This is pdfTeX, Version 3.14159265-2.6-1.40.16 (MiKTeX 2.9)
entering extended mode
(Rd2.tex
LaTeX2e <2015/10/01> patch level 2
Babel <3.9m> and hyphenation patterns for 69 languages loaded.

("C:\Program Files (x86)\MiKTeX 2.9\tex\latex\base\book.cls"
Document Class: book 2014/09/29 v1.4h Standard LaTeX document class
("C:\Program Files (x86)\MiKTeX 2.9\tex\latex\base\bk10.clo"))
(C:/PROGRA~1/R/R-32~1.1/share/texmf/tex/latex\Rd.sty
("C:\Program Files (x86)\MiKTeX 2.9\tex\latex\base\ifthen.sty")
("C:\Program Files (x86)\MiKTeX 2.9\tex\latex\tools\longtable.sty")
("C:\Program Files (x86)\MiKTeX 2.9\tex\latex\tools\bm.sty")
("C:\Program Files (x86)\MiKTeX 2.9\tex\latex\base\alltt.sty")
("C:\Program Files (x86)\MiKTeX 2.9\tex\latex\tools\verbatim.sty")
("C:\Program Files (x86)\MiKTeX 2.9\tex\latex\url\url.sty")
("C:\Program Files (x86)\MiKTeX 2.9\tex\latex\base\textcomp.sty"
("C:\Program Files (x86)\MiKTeX 2.9\tex\latex\base\ts1enc.def"))
("C:\Program Files (x86)\MiKTeX 2.9\tex\latex\base\fontenc.sty"
("C:\Program Files (x86)\MiKTeX 2.9\tex\latex\base\t1enc.def"))
("C:\Program Files (x86)\MiKTeX 2.9\tex\latex\psnfss\times.sty")
("C:\Program Files (x86)\MiKTeX 2.9\tex\latex\inconsolata\zi4.sty"
`inconsolata-zi4' v1.05, 2014/06/22 Text macros for Inconsolata (msharpe)
("C:\Program Files (x86)\MiKTeX 2.9\tex\latex\graphics\keyval.sty"))
("C:\Program Files (x86)\MiKTeX 2.9\tex\latex\graphics\color.sty"
("C:\Program Files (x86)\MiKTeX 2.9\tex\latex\00miktex\color.cfg")
("C:\Program Files (x86)\MiKTeX 2.9\tex\latex\pdftex-def\pdftex.def"
("C:\Program Files (x86)\MiKTeX 2.9\tex\generic\oberdiek\infwarerr.sty")
("C:\Program Files (x86)\MiKTeX 2.9\tex\generic\oberdiek\ltxcmds.sty")))
("C:\Program Files (x86)\MiKTeX 2.9\tex\latex\hyperref\hyperref.sty"
("C:\Program Files (x86)\MiKTeX 2.9\tex\generic\oberdiek\hobsub-hyperref.sty"
("C:\Program Files (x86)\MiKTeX 2.9\tex\generic\oberdiek\hobsub-generic.sty"))
("C:\Program Files (x86)\MiKTeX 2.9\tex\generic\ifxetex\ifxetex.sty")
("C:\Program Files (x86)\MiKTeX 2.9\tex\latex\oberdiek\auxhook.sty")
("C:\Program Files (x86)\MiKTeX 2.9\tex\latex\oberdiek\kvoptions.sty")
("C:\Program Files (x86)\MiKTeX 2.9\tex\latex\hyperref\pd1enc.def")
("C:\Program Files (x86)\MiKTeX 2.9\tex\latex\00miktex\hyperref.cfg"))

Package hyperref Message: Driver (autodetected): hpdftex.

("C:\Program Files (x86)\MiKTeX 2.9\tex\latex\hyperref\hpdftex.def"
("C:\Program Files (x86)\MiKTeX 2.9\tex\latex\oberdiek\rerunfilecheck.sty"))

Package hyperref Warning: Option `hyperindex' has already been used,
(hyperref)                setting the option has no effect on input line 366.


Package hyperref Warning: Option `pagebackref' has already been used,
(hyperref)                setting the option has no effect on input line 366.

) ("C:\Program Files (x86)\MiKTeX 2.9\tex\latex\base\makeidx.sty")
("C:\Program Files (x86)\MiKTeX 2.9\tex\latex\base\inputenc.sty"
("C:\Program Files (x86)\MiKTeX 2.9\tex\latex\base\utf8.def"
("C:\Program Files (x86)\MiKTeX 2.9\tex\latex\base\t1enc.dfu")
("C:\Program Files (x86)\MiKTeX 2.9\tex\latex\base\ot1enc.dfu")
("C:\Program Files (x86)\MiKTeX 2.9\tex\latex\base\omsenc.dfu")
("C:\Program Files (x86)\MiKTeX 2.9\tex\latex\base\ts1enc.dfu"))
("C:\Program Files (x86)\MiKTeX 2.9\tex\latex\base\latin1.def"))
Writing index file Rd2.idx
(Rd2.aux) ("C:\Program Files (x86)\MiKTeX 2.9\tex\latex\base\ts1cmr.fd")
("C:\Program Files (x86)\MiKTeX 2.9\tex\latex\psnfss\t1ptm.fd")
("C:\Program Files (x86)\MiKTeX 2.9\tex\context\base\supp-pdf.mkii"
[Loading MPS to PDF converter (version 2006.09.02).]
) ("C:\Program Files (x86)\MiKTeX 2.9\tex\latex\hyperref\nameref.sty"
("C:\Program Files (x86)\MiKTeX 2.9\tex\generic\oberdiek\gettitlestring.sty"))
(Rd2.out) (Rd2.out)
("C:\Program Files (x86)\MiKTeX 2.9\tex\latex\psnfss\ts1ptm.fd")
("C:\Program Files (x86)\MiKTeX 2.9\tex\latex\inconsolata\t1zi4.fd")
("C:\Program Files (x86)\MiKTeX 2.9\tex\latex\psnfss\t1phv.fd") (Rd2.toc)
("C:\Program Files (x86)\MiKTeX 2.9\tex\latex\base\utf8.def") [1{C:/Users/SH/Ap
pData/Local/MiKTeX/2.9/pdftex/config/pdftex.map}]
("C:\Program Files (x86)\MiKTeX 2.9\tex\latex\base\utf8.def") [2]
("C:\Program Files (x86)\MiKTeX 2.9\tex\latex\base\utf8.def")
Overfull \hbox (26.88095pt too wide) in paragraph at lines 151--151
 []\T1/zi4/m/n/9 check.download <- keep.asking(Q = "Do you want to download dat
a from http://www.worldclim.org?")[] 
("C:\Program Files (x86)\MiKTeX 2.9\tex\latex\base\utf8.def") [3]
Overfull \hbox (49.78088pt too wide) in paragraph at lines 183--183
 []                      \T1/zi4/m/n/10 bio.vars = c("bio1", "bio19", "bio2", "
bio12", "bio4", "bio18", "bio3")),[] 
[4]
Overfull \hbox (23.80742pt too wide) in paragraph at lines 231--232
[]\T1/ptm/m/n/10 The des-ti-na-tion file name (char-ac-ter). De-faults to "data
set\T1/zi4/m/n/10 dataset\T1/ptm/m/n/10 ", e.g. "dataset110". 
[5] [6]
Overfull \hbox (24.18094pt too wide) in paragraph at lines 347--347
 []\T1/zi4/m/n/9 co110 <- correlog(d110$Lat, d110$Lon, res110, increment=0.02, 
resamp=1) # check autocorrleation[] 

Overfull \hbox (5.28094pt too wide) in paragraph at lines 348--348
 []\T1/zi4/m/n/9 plot(co110$mean.of.class, co110$correlation, type = "o", ylim 
= c(-1,1), # plot correlogram[] 

Overfull \hbox (24.18094pt too wide) in paragraph at lines 363--363
 []\T1/zi4/m/n/9 co111 <- correlog(d111$Lat, d111$Lon, res111, increment=0.02, 
resamp=1) # check autocorrleation[] 

Overfull \hbox (5.28094pt too wide) in paragraph at lines 364--364
 []\T1/zi4/m/n/9 plot(co111$mean.of.class, co111$correlation, type = "o", ylim 
= c(-1,1), # plot correlogram[] 

Overfull \hbox (24.18094pt too wide) in paragraph at lines 379--379
 []\T1/zi4/m/n/9 co112 <- correlog(d112$Lat, d112$Lon, res112, increment=0.02, 
resamp=1) # check autocorrleation[] 

Overfull \hbox (5.28094pt too wide) in paragraph at lines 380--380
 []\T1/zi4/m/n/9 plot(co112$mean.of.class, co112$correlation, type = "o", ylim 
= c(-1,1), # plot correlogram[] 

Underfull \vbox (badness 10000) has occurred while \output is active [7]
Overfull \hbox (24.18094pt too wide) in paragraph at lines 395--395
 []\T1/zi4/m/n/9 co120 <- correlog(d120$Lat, d120$Lon, res120, increment=0.02, 
resamp=1) # check autocorrleation[] 

Overfull \hbox (5.28094pt too wide) in paragraph at lines 396--396
 []\T1/zi4/m/n/9 plot(co120$mean.of.class, co120$correlation, type = "o", ylim 
= c(-1,1), # plot correlogram[] 

Overfull \hbox (24.18094pt too wide) in paragraph at lines 411--411
 []\T1/zi4/m/n/9 co121 <- correlog(d121$Lat, d121$Lon, res121, increment=0.02, 
resamp=1) # check autocorrleation[] 

Overfull \hbox (5.28094pt too wide) in paragraph at lines 412--412
 []\T1/zi4/m/n/9 plot(co121$mean.of.class, co121$correlation, type = "o", ylim 
= c(-1,1), # plot correlogram[] 

Overfull \hbox (24.18094pt too wide) in paragraph at lines 426--426
 []\T1/zi4/m/n/9 co122 <- correlog(d122$Lat, d122$Lon, res122, increment=0.02, 
resamp=1) # check autocorrleation[] 

Overfull \hbox (5.28094pt too wide) in paragraph at lines 427--427
 []\T1/zi4/m/n/9 plot(co122$mean.of.class, co122$correlation, type = "o", ylim 
= c(-1,1), # plot correlogram[] 

Overfull \hbox (24.18094pt too wide) in paragraph at lines 442--442
 []\T1/zi4/m/n/9 co310 <- correlog(d310$Lat, d310$Lon, res310, increment=0.16, 
resamp=1) # check autocorrleation[] 

Overfull \hbox (5.28094pt too wide) in paragraph at lines 443--443
 []\T1/zi4/m/n/9 plot(co310$mean.of.class, co310$correlation, type = "o", ylim 
= c(-1,1), # plot correlogram[] 

Underfull \vbox (badness 10000) has occurred while \output is active [8]
Overfull \hbox (24.18094pt too wide) in paragraph at lines 458--458
 []\T1/zi4/m/n/9 co311 <- correlog(d311$Lat, d311$Lon, res311, increment=0.16, 
resamp=1) # check autocorrleation[] 

Overfull \hbox (5.28094pt too wide) in paragraph at lines 459--459
 []\T1/zi4/m/n/9 plot(co311$mean.of.class, co311$correlation, type = "o", ylim 
= c(-1,1), # plot correlogram[] 

Overfull \hbox (24.18094pt too wide) in paragraph at lines 474--474
 []\T1/zi4/m/n/9 co312 <- correlog(d312$Lat, d312$Lon, res312, increment=0.16, 
resamp=1) # check autocorrleation[] 

Overfull \hbox (5.28094pt too wide) in paragraph at lines 475--475
 []\T1/zi4/m/n/9 plot(co312$mean.of.class, co312$correlation, type = "o", ylim 
= c(-1,1), # plot correlogram[] 

Overfull \hbox (24.18094pt too wide) in paragraph at lines 490--490
 []\T1/zi4/m/n/9 co320 <- correlog(d320$Lat, d320$Lon, res320, increment=0.16, 
resamp=1) # check autocorrleation[] 

Overfull \hbox (5.28094pt too wide) in paragraph at lines 491--491
 []\T1/zi4/m/n/9 plot(co320$mean.of.class, co320$correlation, type = "o", ylim 
= c(-1,1), # plot correlogram[] 

Underfull \vbox (badness 10000) has occurred while \output is active [9]
Overfull \hbox (24.18094pt too wide) in paragraph at lines 506--506
 []\T1/zi4/m/n/9 co321 <- correlog(d321$Lat, d321$Lon, res321, increment=0.16, 
resamp=1) # check autocorrleation[] 

Overfull \hbox (5.28094pt too wide) in paragraph at lines 507--507
 []\T1/zi4/m/n/9 plot(co321$mean.of.class, co321$correlation, type = "o", ylim 
= c(-1,1), # plot correlogram[] 

Overfull \hbox (24.18094pt too wide) in paragraph at lines 522--522
 []\T1/zi4/m/n/9 co322 <- correlog(d322$Lat, d322$Lon, res322, increment=0.16, 
resamp=1) # check autocorrleation[] 

Overfull \hbox (5.28094pt too wide) in paragraph at lines 523--523
 []\T1/zi4/m/n/9 plot(co322$mean.of.class, co322$correlation, type = "o", ylim 
= c(-1,1), # plot correlogram[] 
(Rd2.ind [10] [11]) (Rd2.aux)

Package rerunfilecheck Warning: File `Rd2.out' has changed.
(rerunfilecheck)                Rerun to get outlines right
(rerunfilecheck)                or use package `bookmark'.

 )
(see the transcript file for additional information)pdfTeX warning (dest): name
{Rfn.grep} has been referenced but does not exist, replaced by a fixed one

pdfTeX warning (dest): name{Rfn.rnorm} has been referenced but does not exist, 
replaced by a fixed one

pdfTeX warning (dest): name{Rfn.RMexp} has been referenced but does not exist, 
replaced by a fixed one

pdfTeX warning (dest): name{Rfn.set.seed} has been referenced but does not exis
t, replaced by a fixed one

pdfTeX warning (dest): name{Rfn.extent} has been referenced but does not exist,
 replaced by a fixed one

{C:/Program Files (x86)/MiKTeX 2.9/fonts/enc/dvips/fontname/8r.enc}{C:/Program 
Files (x86)/MiKTeX 2.9/fonts/enc/dvips/inconsolata/i4-t1-0.enc}<C:/Program File
s (x86)/MiKTeX 2.9/fonts/type1/public/inconsolata/Inconsolata-zi4r.pfb><C:/Prog
ram Files (x86)/MiKTeX 2.9/fonts/type1/urw/helvetic/uhvr8a.pfb><C:/Program File
s (x86)/MiKTeX 2.9/fonts/type1/urw/times/utmb8a.pfb><C:/Program Files (x86)/MiK
TeX 2.9/fonts/type1/urw/times/utmr8a.pfb><C:/Program Files (x86)/MiKTeX 2.9/fon
ts/type1/urw/times/utmr8a.pfb><C:/Program Files (x86)/MiKTeX 2.9/fonts/type1/ur
w/times/utmri8a.pfb>
Output written on Rd2.pdf (11 pages, 107152 bytes).
Transcript written on Rd2.log.
This is makeindex, version 2.15 [MiKTeX 2.9] (kpathsea + Thai support).
Scanning input file Rd2.idx....done (13 entries accepted, 0 rejected).
Sorting entries....done (50 comparisons).
Generating output file Rd2.ind....done (27 lines written, 0 warnings).
Output written in Rd2.ind.
Transcript written in Rd2.ilg.
This is pdfTeX, Version 3.14159265-2.6-1.40.16 (MiKTeX 2.9)
entering extended mode
(Rd2.tex
LaTeX2e <2015/10/01> patch level 2
Babel <3.9m> and hyphenation patterns for 69 languages loaded.

("C:\Program Files (x86)\MiKTeX 2.9\tex\latex\base\book.cls"
Document Class: book 2014/09/29 v1.4h Standard LaTeX document class
("C:\Program Files (x86)\MiKTeX 2.9\tex\latex\base\bk10.clo"))
(C:/PROGRA~1/R/R-32~1.1/share/texmf/tex/latex\Rd.sty
("C:\Program Files (x86)\MiKTeX 2.9\tex\latex\base\ifthen.sty")
("C:\Program Files (x86)\MiKTeX 2.9\tex\latex\tools\longtable.sty")
("C:\Program Files (x86)\MiKTeX 2.9\tex\latex\tools\bm.sty")
("C:\Program Files (x86)\MiKTeX 2.9\tex\latex\base\alltt.sty")
("C:\Program Files (x86)\MiKTeX 2.9\tex\latex\tools\verbatim.sty")
("C:\Program Files (x86)\MiKTeX 2.9\tex\latex\url\url.sty")
("C:\Program Files (x86)\MiKTeX 2.9\tex\latex\base\textcomp.sty"
("C:\Program Files (x86)\MiKTeX 2.9\tex\latex\base\ts1enc.def"))
("C:\Program Files (x86)\MiKTeX 2.9\tex\latex\base\fontenc.sty"
("C:\Program Files (x86)\MiKTeX 2.9\tex\latex\base\t1enc.def"))
("C:\Program Files (x86)\MiKTeX 2.9\tex\latex\psnfss\times.sty")
("C:\Program Files (x86)\MiKTeX 2.9\tex\latex\inconsolata\zi4.sty"
`inconsolata-zi4' v1.05, 2014/06/22 Text macros for Inconsolata (msharpe)
("C:\Program Files (x86)\MiKTeX 2.9\tex\latex\graphics\keyval.sty"))
("C:\Program Files (x86)\MiKTeX 2.9\tex\latex\graphics\color.sty"
("C:\Program Files (x86)\MiKTeX 2.9\tex\latex\00miktex\color.cfg")
("C:\Program Files (x86)\MiKTeX 2.9\tex\latex\pdftex-def\pdftex.def"
("C:\Program Files (x86)\MiKTeX 2.9\tex\generic\oberdiek\infwarerr.sty")
("C:\Program Files (x86)\MiKTeX 2.9\tex\generic\oberdiek\ltxcmds.sty")))
("C:\Program Files (x86)\MiKTeX 2.9\tex\latex\hyperref\hyperref.sty"
("C:\Program Files (x86)\MiKTeX 2.9\tex\generic\oberdiek\hobsub-hyperref.sty"
("C:\Program Files (x86)\MiKTeX 2.9\tex\generic\oberdiek\hobsub-generic.sty"))
("C:\Program Files (x86)\MiKTeX 2.9\tex\generic\ifxetex\ifxetex.sty")
("C:\Program Files (x86)\MiKTeX 2.9\tex\latex\oberdiek\auxhook.sty")
("C:\Program Files (x86)\MiKTeX 2.9\tex\latex\oberdiek\kvoptions.sty")
("C:\Program Files (x86)\MiKTeX 2.9\tex\latex\hyperref\pd1enc.def")
("C:\Program Files (x86)\MiKTeX 2.9\tex\latex\00miktex\hyperref.cfg"))

Package hyperref Message: Driver (autodetected): hpdftex.

("C:\Program Files (x86)\MiKTeX 2.9\tex\latex\hyperref\hpdftex.def"
("C:\Program Files (x86)\MiKTeX 2.9\tex\latex\oberdiek\rerunfilecheck.sty"))

Package hyperref Warning: Option `hyperindex' has already been used,
(hyperref)                setting the option has no effect on input line 366.


Package hyperref Warning: Option `pagebackref' has already been used,
(hyperref)                setting the option has no effect on input line 366.

) ("C:\Program Files (x86)\MiKTeX 2.9\tex\latex\base\makeidx.sty")
("C:\Program Files (x86)\MiKTeX 2.9\tex\latex\base\inputenc.sty"
("C:\Program Files (x86)\MiKTeX 2.9\tex\latex\base\utf8.def"
("C:\Program Files (x86)\MiKTeX 2.9\tex\latex\base\t1enc.dfu")
("C:\Program Files (x86)\MiKTeX 2.9\tex\latex\base\ot1enc.dfu")
("C:\Program Files (x86)\MiKTeX 2.9\tex\latex\base\omsenc.dfu")
("C:\Program Files (x86)\MiKTeX 2.9\tex\latex\base\ts1enc.dfu"))
("C:\Program Files (x86)\MiKTeX 2.9\tex\latex\base\latin1.def"))
Writing index file Rd2.idx
(Rd2.aux) ("C:\Program Files (x86)\MiKTeX 2.9\tex\latex\base\ts1cmr.fd")
("C:\Program Files (x86)\MiKTeX 2.9\tex\latex\psnfss\t1ptm.fd")
("C:\Program Files (x86)\MiKTeX 2.9\tex\context\base\supp-pdf.mkii"
[Loading MPS to PDF converter (version 2006.09.02).]
) ("C:\Program Files (x86)\MiKTeX 2.9\tex\latex\hyperref\nameref.sty"
("C:\Program Files (x86)\MiKTeX 2.9\tex\generic\oberdiek\gettitlestring.sty"))
(Rd2.out) (Rd2.out)
("C:\Program Files (x86)\MiKTeX 2.9\tex\latex\psnfss\ts1ptm.fd")
("C:\Program Files (x86)\MiKTeX 2.9\tex\latex\inconsolata\t1zi4.fd")
("C:\Program Files (x86)\MiKTeX 2.9\tex\latex\psnfss\t1phv.fd") (Rd2.toc)
("C:\Program Files (x86)\MiKTeX 2.9\tex\latex\base\utf8.def") [1{C:/Users/SH/Ap
pData/Local/MiKTeX/2.9/pdftex/config/pdftex.map}]
("C:\Program Files (x86)\MiKTeX 2.9\tex\latex\base\utf8.def") [2]
("C:\Program Files (x86)\MiKTeX 2.9\tex\latex\base\utf8.def")
Overfull \hbox (26.88095pt too wide) in paragraph at lines 151--151
 []\T1/zi4/m/n/9 check.download <- keep.asking(Q = "Do you want to download dat
a from http://www.worldclim.org?")[] 
("C:\Program Files (x86)\MiKTeX 2.9\tex\latex\base\utf8.def") [3]
Overfull \hbox (49.78088pt too wide) in paragraph at lines 183--183
 []                      \T1/zi4/m/n/10 bio.vars = c("bio1", "bio19", "bio2", "
bio12", "bio4", "bio18", "bio3")),[] 
[4]
Overfull \hbox (23.80742pt too wide) in paragraph at lines 231--232
[]\T1/ptm/m/n/10 The des-ti-na-tion file name (char-ac-ter). De-faults to "data
set\T1/zi4/m/n/10 dataset\T1/ptm/m/n/10 ", e.g. "dataset110". 
[5] [6]
Overfull \hbox (24.18094pt too wide) in paragraph at lines 347--347
 []\T1/zi4/m/n/9 co110 <- correlog(d110$Lat, d110$Lon, res110, increment=0.02, 
resamp=1) # check autocorrleation[] 

Overfull \hbox (5.28094pt too wide) in paragraph at lines 348--348
 []\T1/zi4/m/n/9 plot(co110$mean.of.class, co110$correlation, type = "o", ylim 
= c(-1,1), # plot correlogram[] 

Overfull \hbox (24.18094pt too wide) in paragraph at lines 363--363
 []\T1/zi4/m/n/9 co111 <- correlog(d111$Lat, d111$Lon, res111, increment=0.02, 
resamp=1) # check autocorrleation[] 

Overfull \hbox (5.28094pt too wide) in paragraph at lines 364--364
 []\T1/zi4/m/n/9 plot(co111$mean.of.class, co111$correlation, type = "o", ylim 
= c(-1,1), # plot correlogram[] 

Overfull \hbox (24.18094pt too wide) in paragraph at lines 379--379
 []\T1/zi4/m/n/9 co112 <- correlog(d112$Lat, d112$Lon, res112, increment=0.02, 
resamp=1) # check autocorrleation[] 

Overfull \hbox (5.28094pt too wide) in paragraph at lines 380--380
 []\T1/zi4/m/n/9 plot(co112$mean.of.class, co112$correlation, type = "o", ylim 
= c(-1,1), # plot correlogram[] 

Underfull \vbox (badness 10000) has occurred while \output is active [7]
Overfull \hbox (24.18094pt too wide) in paragraph at lines 395--395
 []\T1/zi4/m/n/9 co120 <- correlog(d120$Lat, d120$Lon, res120, increment=0.02, 
resamp=1) # check autocorrleation[] 

Overfull \hbox (5.28094pt too wide) in paragraph at lines 396--396
 []\T1/zi4/m/n/9 plot(co120$mean.of.class, co120$correlation, type = "o", ylim 
= c(-1,1), # plot correlogram[] 

Overfull \hbox (24.18094pt too wide) in paragraph at lines 411--411
 []\T1/zi4/m/n/9 co121 <- correlog(d121$Lat, d121$Lon, res121, increment=0.02, 
resamp=1) # check autocorrleation[] 

Overfull \hbox (5.28094pt too wide) in paragraph at lines 412--412
 []\T1/zi4/m/n/9 plot(co121$mean.of.class, co121$correlation, type = "o", ylim 
= c(-1,1), # plot correlogram[] 

Overfull \hbox (24.18094pt too wide) in paragraph at lines 426--426
 []\T1/zi4/m/n/9 co122 <- correlog(d122$Lat, d122$Lon, res122, increment=0.02, 
resamp=1) # check autocorrleation[] 

Overfull \hbox (5.28094pt too wide) in paragraph at lines 427--427
 []\T1/zi4/m/n/9 plot(co122$mean.of.class, co122$correlation, type = "o", ylim 
= c(-1,1), # plot correlogram[] 

Overfull \hbox (24.18094pt too wide) in paragraph at lines 442--442
 []\T1/zi4/m/n/9 co310 <- correlog(d310$Lat, d310$Lon, res310, increment=0.16, 
resamp=1) # check autocorrleation[] 

Overfull \hbox (5.28094pt too wide) in paragraph at lines 443--443
 []\T1/zi4/m/n/9 plot(co310$mean.of.class, co310$correlation, type = "o", ylim 
= c(-1,1), # plot correlogram[] 

Underfull \vbox (badness 10000) has occurred while \output is active [8]
Overfull \hbox (24.18094pt too wide) in paragraph at lines 458--458
 []\T1/zi4/m/n/9 co311 <- correlog(d311$Lat, d311$Lon, res311, increment=0.16, 
resamp=1) # check autocorrleation[] 

Overfull \hbox (5.28094pt too wide) in paragraph at lines 459--459
 []\T1/zi4/m/n/9 plot(co311$mean.of.class, co311$correlation, type = "o", ylim 
= c(-1,1), # plot correlogram[] 

Overfull \hbox (24.18094pt too wide) in paragraph at lines 474--474
 []\T1/zi4/m/n/9 co312 <- correlog(d312$Lat, d312$Lon, res312, increment=0.16, 
resamp=1) # check autocorrleation[] 

Overfull \hbox (5.28094pt too wide) in paragraph at lines 475--475
 []\T1/zi4/m/n/9 plot(co312$mean.of.class, co312$correlation, type = "o", ylim 
= c(-1,1), # plot correlogram[] 

Overfull \hbox (24.18094pt too wide) in paragraph at lines 490--490
 []\T1/zi4/m/n/9 co320 <- correlog(d320$Lat, d320$Lon, res320, increment=0.16, 
resamp=1) # check autocorrleation[] 

Overfull \hbox (5.28094pt too wide) in paragraph at lines 491--491
 []\T1/zi4/m/n/9 plot(co320$mean.of.class, co320$correlation, type = "o", ylim 
= c(-1,1), # plot correlogram[] 

Underfull \vbox (badness 10000) has occurred while \output is active [9]
Overfull \hbox (24.18094pt too wide) in paragraph at lines 506--506
 []\T1/zi4/m/n/9 co321 <- correlog(d321$Lat, d321$Lon, res321, increment=0.16, 
resamp=1) # check autocorrleation[] 

Overfull \hbox (5.28094pt too wide) in paragraph at lines 507--507
 []\T1/zi4/m/n/9 plot(co321$mean.of.class, co321$correlation, type = "o", ylim 
= c(-1,1), # plot correlogram[] 

Overfull \hbox (24.18094pt too wide) in paragraph at lines 522--522
 []\T1/zi4/m/n/9 co322 <- correlog(d322$Lat, d322$Lon, res322, increment=0.16, 
resamp=1) # check autocorrleation[] 

Overfull \hbox (5.28094pt too wide) in paragraph at lines 523--523
 []\T1/zi4/m/n/9 plot(co322$mean.of.class, co322$correlation, type = "o", ylim 
= c(-1,1), # plot correlogram[] 
(Rd2.ind [10] [11]) (Rd2.aux) )
(see the transcript file for additional information)pdfTeX warning (dest): name
{Rfn.grep} has been referenced but does not exist, replaced by a fixed one

pdfTeX warning (dest): name{Rfn.rnorm} has been referenced but does not exist, 
replaced by a fixed one

pdfTeX warning (dest): name{Rfn.RMexp} has been referenced but does not exist, 
replaced by a fixed one

pdfTeX warning (dest): name{Rfn.set.seed} has been referenced but does not exis
t, replaced by a fixed one

pdfTeX warning (dest): name{Rfn.extent} has been referenced but does not exist,
 replaced by a fixed one

{C:/Program Files (x86)/MiKTeX 2.9/fonts/enc/dvips/fontname/8r.enc}{C:/Program 
Files (x86)/MiKTeX 2.9/fonts/enc/dvips/inconsolata/i4-t1-0.enc}<C:/Program File
s (x86)/MiKTeX 2.9/fonts/type1/public/inconsolata/Inconsolata-zi4r.pfb><C:/Prog
ram Files (x86)/MiKTeX 2.9/fonts/type1/urw/helvetic/uhvr8a.pfb><C:/Program File
s (x86)/MiKTeX 2.9/fonts/type1/urw/times/utmb8a.pfb><C:/Program Files (x86)/MiK
TeX 2.9/fonts/type1/urw/times/utmr8a.pfb><C:/Program Files (x86)/MiKTeX 2.9/fon
ts/type1/urw/times/utmr8a.pfb><C:/Program Files (x86)/MiKTeX 2.9/fonts/type1/ur
w/times/utmri8a.pfb>
Output written on Rd2.pdf (11 pages, 107580 bytes).
Transcript written on Rd2.log.
Saving output to 'simSAC-manual.pdf' ...
Done
You may want to clean up by 'rm -rf C:/Users/SH/AppData/Local/Temp/RtmpUfYzbY/Rd2pdf10341c88727'
